# JRE version: Java(TM) SE Runtime Environment (8.0_144-b01) (build 1.8.0_144-b01)
# Java VM: Java HotSpot(TM) Client VM (25.144-b01 mixed mode windows-x86 )
Heap:
 def new generation   total 157248K, used 157248K [0x06800000, 0x112a0000, 0x112a0000)
  eden space 139776K, 100% used [0x06800000, 0x0f080000, 0x0f080000)
  from space 17472K, 100% used [0x0f080000, 0x10190000, 0x10190000)
  to   space 17472K,   0% used [0x10190000, 0x10190000, 0x112a0000)
 tenured generation   total 349568K, used 349568K [0x112a0000, 0x26800000, 0x26800000)
   the space 349568K, 100% used [0x112a0000, 0x26800000, 0x26800000, 0x26800000)
 Metaspace       used 19590K, capacity 20038K, committed 20224K, reserved 20864K
GC Heap History (10 events):
Event: 14599.675 GC heap before
{Heap before GC invocations=236 (full 60):
 def new generation   total 157248K, used 157247K [0x06800000, 0x112a0000, 0x112a0000)
  eden space 139776K, 100% used [0x06800000, 0x0f080000, 0x0f080000)
  from space 17472K,  99% used [0x0f080000, 0x1018ff48, 0x10190000)
  to   space 17472K,   0% used [0x10190000, 0x10190000, 0x112a0000)
 tenured generation   total 349568K, used 349568K [0x112a0000, 0x26800000, 0x26800000)
   the space 349568K, 100% used [0x112a0000, 0x26800000, 0x26800000, 0x26800000)
 Metaspace       used 19590K, capacity 20038K, committed 20224K, reserved 20864K
Event: 14600.248 GC heap after
Heap after GC invocations=237 (full 61):
 def new generation   total 157248K, used 157233K [0x06800000, 0x112a0000, 0x112a0000)
  eden space 139776K, 100% used [0x06800000, 0x0f080000, 0x0f080000)
  from space 17472K,  99% used [0x0f080000, 0x1018c540, 0x10190000)
  to   space 17472K,   0% used [0x10190000, 0x10190000, 0x112a0000)
 tenured generation   total 349568K, used 349568K [0x112a0000, 0x26800000, 0x26800000)
   the space 349568K, 100% used [0x112a0000, 0x26800000, 0x26800000, 0x26800000)
 Metaspace       used 19590K, capacity 20038K, committed 20224K, reserved 20864K
}
Event: 14600.248 GC heap before
{Heap before GC invocations=237 (full 61):
 def new generation   total 157248K, used 157247K [0x06800000, 0x112a0000, 0x112a0000)
  eden space 139776K, 100% used [0x06800000, 0x0f080000, 0x0f080000)
  from space 17472K,  99% used [0x0f080000, 0x1018ffe0, 0x10190000)
  to   space 17472K,   0% used [0x10190000, 0x10190000, 0x112a0000)
 tenured generation   total 349568K, used 349568K [0x112a0000, 0x26800000, 0x26800000)
   the space 349568K, 100% used [0x112a0000, 0x26800000, 0x26800000, 0x26800000)
 Metaspace       used 19590K, capacity 20038K, committed 20224K, reserved 20864K
Event: 14600.830 GC heap after
Heap after GC invocations=238 (full 62):
 def new generation   total 157248K, used 157233K [0x06800000, 0x112a0000, 0x112a0000)
  eden space 139776K, 100% used [0x06800000, 0x0f080000, 0x0f080000)
  from space 17472K,  99% used [0x0f080000, 0x1018c770, 0x10190000)
  to   space 17472K,   0% used [0x10190000, 0x10190000, 0x112a0000)
 tenured generation   total 349568K, used 349568K [0x112a0000, 0x26800000, 0x26800000)
   the space 349568K, 100% used [0x112a0000, 0x26800000, 0x26800000, 0x26800000)
 Metaspace       used 19590K, capacity 20038K, committed 20224K, reserved 20864K
}
Event: 14600.831 GC heap before
{Heap before GC invocations=238 (full 62):
 def new generation   total 157248K, used 157248K [0x06800000, 0x112a0000, 0x112a0000)
  eden space 139776K, 100% used [0x06800000, 0x0f080000, 0x0f080000)
  from space 17472K, 100% used [0x0f080000, 0x10190000, 0x10190000)
  to   space 17472K,   0% used [0x10190000, 0x10190000, 0x112a0000)
 tenured generation   total 349568K, used 349568K [0x112a0000, 0x26800000, 0x26800000)
   the space 349568K, 100% used [0x112a0000, 0x26800000, 0x26800000, 0x26800000)
 Metaspace       used 19590K, capacity 20038K, committed 20224K, reserved 20864K
Event: 14601.416 GC heap after
Heap after GC invocations=239 (full 63):
 def new generation   total 157248K, used 157192K [0x06800000, 0x112a0000, 0x112a0000)
  eden space 139776K, 100% used [0x06800000, 0x0f080000, 0x0f080000)
  from space 17472K,  99% used [0x0f080000, 0x10182150, 0x10190000)
  to   space 17472K,   0% used [0x10190000, 0x10190000, 0x112a0000)
 tenured generation   total 349568K, used 349568K [0x112a0000, 0x26800000, 0x26800000)
   the space 349568K, 100% used [0x112a0000, 0x26800000, 0x26800000, 0x26800000)
 Metaspace       used 19590K, capacity 20038K, committed 20224K, reserved 20864K
}
Event: 14601.417 GC heap before
{Heap before GC invocations=239 (full 63):
 def new generation   total 157248K, used 157200K [0x06800000, 0x112a0000, 0x112a0000)
  eden space 139776K, 100% used [0x06800000, 0x0f080000, 0x0f080000)
  from space 17472K,  99% used [0x0f080000, 0x10184230, 0x10190000)
  to   space 17472K,   0% used [0x10190000, 0x10190000, 0x112a0000)
 tenured generation   total 349568K, used 349568K [0x112a0000, 0x26800000, 0x26800000)
   the space 349568K, 100% used [0x112a0000, 0x26800000, 0x26800000, 0x26800000)
 Metaspace       used 19590K, capacity 20038K, committed 20224K, reserved 20864K
Event: 14602.162 GC heap after
Heap after GC invocations=240 (full 64):
 def new generation   total 157248K, used 157199K [0x06800000, 0x112a0000, 0x112a0000)
  eden space 139776K, 100% used [0x06800000, 0x0f080000, 0x0f080000)
  from space 17472K,  99% used [0x0f080000, 0x10183f08, 0x10190000)
  to   space 17472K,   0% used [0x10190000, 0x10190000, 0x112a0000)
 tenured generation   total 349568K, used 349568K [0x112a0000, 0x26800000, 0x26800000)
   the space 349568K, 100% used [0x112a0000, 0x26800000, 0x26800000, 0x26800000)
 Metaspace       used 19590K, capacity 20038K, committed 20224K, reserved 20864K
}
Event: 14602.162 GC heap before
{Heap before GC invocations=240 (full 64):
 def new generation   total 157248K, used 157199K [0x06800000, 0x112a0000, 0x112a0000)
  eden space 139776K, 100% used [0x06800000, 0x0f080000, 0x0f080000)
  from space 17472K,  99% used [0x0f080000, 0x10183f08, 0x10190000)
  to   space 17472K,   0% used [0x10190000, 0x10190000, 0x112a0000)
 tenured generation   total 349568K, used 349568K [0x112a0000, 0x26800000, 0x26800000)
   the space 349568K, 100% used [0x112a0000, 0x26800000, 0x26800000, 0x26800000)
 Metaspace       used 19590K, capacity 20038K, committed 20224K, reserved 20864K
Event: 14602.738 GC heap after
Heap after GC invocations=241 (full 65):
 def new generation   total 157248K, used 157199K [0x06800000, 0x112a0000, 0x112a0000)
  eden space 139776K, 100% used [0x06800000, 0x0f080000, 0x0f080000)
  from space 17472K,  99% used [0x0f080000, 0x10183f08, 0x10190000)
  to   space 17472K,   0% used [0x10190000, 0x10190000, 0x112a0000)
 tenured generation   total 349568K, used 349568K [0x112a0000, 0x26800000, 0x26800000)
   the space 349568K, 100% used [0x112a0000, 0x26800000, 0x26800000, 0x26800000)
 Metaspace       used 19590K, capacity 20038K, committed 20224K, reserved 20864K
}

