# JRE version: Java(TM) SE Runtime Environment (8.0_144-b01) (build 1.8.0_144-b01)
# Java VM: Java HotSpot(TM) Client VM (25.144-b01 mixed mode windows-x86 )
Heap:
 def new generation   total 157248K, used 157247K [0x06c00000, 0x116a0000, 0x116a0000)
  eden space 139776K, 100% used [0x06c00000, 0x0f480000, 0x0f480000)
  from space 17472K,  99% used [0x0f480000, 0x1058fff0, 0x10590000)
  to   space 17472K,   0% used [0x10590000, 0x10590000, 0x116a0000)
 tenured generation   total 349568K, used 349568K [0x116a0000, 0x26c00000, 0x26c00000)
   the space 349568K, 100% used [0x116a0000, 0x26c00000, 0x26c00000, 0x26c00000)
 Metaspace       used 19447K, capacity 19863K, committed 20096K, reserved 20864K
GC Heap History (10 events):
Event: 3976.826 GC heap before
{Heap before GC invocations=136 (full 65):
 def new generation   total 157248K, used 157247K [0x06c00000, 0x116a0000, 0x116a0000)
  eden space 139776K, 100% used [0x06c00000, 0x0f480000, 0x0f480000)
  from space 17472K,  99% used [0x0f480000, 0x1058ffe0, 0x10590000)
  to   space 17472K,   0% used [0x10590000, 0x10590000, 0x116a0000)
 tenured generation   total 349568K, used 349568K [0x116a0000, 0x26c00000, 0x26c00000)
   the space 349568K, 100% used [0x116a0000, 0x26c00000, 0x26c00000, 0x26c00000)
 Metaspace       used 19447K, capacity 19863K, committed 20096K, reserved 20864K
Event: 3977.315 GC heap after
Heap after GC invocations=137 (full 66):
 def new generation   total 157248K, used 157232K [0x06c00000, 0x116a0000, 0x116a0000)
  eden space 139776K,  99% used [0x06c00000, 0x0f47fff8, 0x0f480000)
  from space 17472K,  99% used [0x0f480000, 0x1058c250, 0x10590000)
  to   space 17472K,   0% used [0x10590000, 0x10590000, 0x116a0000)
 tenured generation   total 349568K, used 349568K [0x116a0000, 0x26c00000, 0x26c00000)
   the space 349568K, 100% used [0x116a0000, 0x26c00000, 0x26c00000, 0x26c00000)
 Metaspace       used 19447K, capacity 19863K, committed 20096K, reserved 20864K
}
Event: 3977.315 GC heap before
{Heap before GC invocations=137 (full 66):
 def new generation   total 157248K, used 157247K [0x06c00000, 0x116a0000, 0x116a0000)
  eden space 139776K,  99% used [0x06c00000, 0x0f47fff8, 0x0f480000)
  from space 17472K,  99% used [0x0f480000, 0x1058fff8, 0x10590000)
  to   space 17472K,   0% used [0x10590000, 0x10590000, 0x116a0000)
 tenured generation   total 349568K, used 349568K [0x116a0000, 0x26c00000, 0x26c00000)
   the space 349568K, 100% used [0x116a0000, 0x26c00000, 0x26c00000, 0x26c00000)
 Metaspace       used 19447K, capacity 19863K, committed 20096K, reserved 20864K
Event: 3977.803 GC heap after
Heap after GC invocations=138 (full 67):
 def new generation   total 157248K, used 157237K [0x06c00000, 0x116a0000, 0x116a0000)
  eden space 139776K,  99% used [0x06c00000, 0x0f47fff0, 0x0f480000)
  from space 17472K,  99% used [0x0f480000, 0x1058d7a8, 0x10590000)
  to   space 17472K,   0% used [0x10590000, 0x10590000, 0x116a0000)
 tenured generation   total 349568K, used 349568K [0x116a0000, 0x26c00000, 0x26c00000)
   the space 349568K, 100% used [0x116a0000, 0x26c00000, 0x26c00000, 0x26c00000)
 Metaspace       used 19447K, capacity 19863K, committed 20096K, reserved 20864K
}
Event: 3977.804 GC heap before
{Heap before GC invocations=138 (full 67):
 def new generation   total 157248K, used 157247K [0x06c00000, 0x116a0000, 0x116a0000)
  eden space 139776K, 100% used [0x06c00000, 0x0f480000, 0x0f480000)
  from space 17472K,  99% used [0x0f480000, 0x1058fff0, 0x10590000)
  to   space 17472K,   0% used [0x10590000, 0x10590000, 0x116a0000)
 tenured generation   total 349568K, used 349568K [0x116a0000, 0x26c00000, 0x26c00000)
   the space 349568K, 100% used [0x116a0000, 0x26c00000, 0x26c00000, 0x26c00000)
 Metaspace       used 19447K, capacity 19863K, committed 20096K, reserved 20864K
Event: 3978.253 GC heap after
Heap after GC invocations=139 (full 68):
 def new generation   total 157248K, used 157241K [0x06c00000, 0x116a0000, 0x116a0000)
  eden space 139776K,  99% used [0x06c00000, 0x0f47fff0, 0x0f480000)
  from space 17472K,  99% used [0x0f480000, 0x1058e430, 0x10590000)
  to   space 17472K,   0% used [0x10590000, 0x10590000, 0x116a0000)
 tenured generation   total 349568K, used 349568K [0x116a0000, 0x26c00000, 0x26c00000)
   the space 349568K, 100% used [0x116a0000, 0x26c00000, 0x26c00000, 0x26c00000)
 Metaspace       used 19447K, capacity 19863K, committed 20096K, reserved 20864K
}
Event: 3978.253 GC heap before
{Heap before GC invocations=139 (full 68):
 def new generation   total 157248K, used 157246K [0x06c00000, 0x116a0000, 0x116a0000)
  eden space 139776K, 100% used [0x06c00000, 0x0f480000, 0x0f480000)
  from space 17472K,  99% used [0x0f480000, 0x1058fa70, 0x10590000)
  to   space 17472K,   0% used [0x10590000, 0x10590000, 0x116a0000)
 tenured generation   total 349568K, used 349568K [0x116a0000, 0x26c00000, 0x26c00000)
   the space 349568K, 100% used [0x116a0000, 0x26c00000, 0x26c00000, 0x26c00000)
 Metaspace       used 19447K, capacity 19863K, committed 20096K, reserved 20864K
Event: 3978.715 GC heap after
Heap after GC invocations=140 (full 69):
 def new generation   total 157248K, used 157224K [0x06c00000, 0x116a0000, 0x116a0000)
  eden space 139776K,  99% used [0x06c00000, 0x0f47fff0, 0x0f480000)
  from space 17472K,  99% used [0x0f480000, 0x1058a398, 0x10590000)
  to   space 17472K,   0% used [0x10590000, 0x10590000, 0x116a0000)
 tenured generation   total 349568K, used 349568K [0x116a0000, 0x26c00000, 0x26c00000)
   the space 349568K, 100% used [0x116a0000, 0x26c00000, 0x26c00000, 0x26c00000)
 Metaspace       used 19447K, capacity 19863K, committed 20096K, reserved 20864K
}
Event: 3978.715 GC heap before
{Heap before GC invocations=140 (full 69):
 def new generation   total 157248K, used 157224K [0x06c00000, 0x116a0000, 0x116a0000)
  eden space 139776K,  99% used [0x06c00000, 0x0f47fff0, 0x0f480000)
  from space 17472K,  99% used [0x0f480000, 0x1058a398, 0x10590000)
  to   space 17472K,   0% used [0x10590000, 0x10590000, 0x116a0000)
 tenured generation   total 349568K, used 349568K [0x116a0000, 0x26c00000, 0x26c00000)
   the space 349568K, 100% used [0x116a0000, 0x26c00000, 0x26c00000, 0x26c00000)
 Metaspace       used 19447K, capacity 19863K, committed 20096K, reserved 20864K
Event: 3979.160 GC heap after
Heap after GC invocations=141 (full 70):
 def new generation   total 157248K, used 157224K [0x06c00000, 0x116a0000, 0x116a0000)
  eden space 139776K,  99% used [0x06c00000, 0x0f47fff0, 0x0f480000)
  from space 17472K,  99% used [0x0f480000, 0x1058a398, 0x10590000)
  to   space 17472K,   0% used [0x10590000, 0x10590000, 0x116a0000)
 tenured generation   total 349568K, used 349568K [0x116a0000, 0x26c00000, 0x26c00000)
   the space 349568K, 100% used [0x116a0000, 0x26c00000, 0x26c00000, 0x26c00000)
 Metaspace       used 19447K, capacity 19863K, committed 20096K, reserved 20864K
}

