# JRE version: Java(TM) SE Runtime Environment (8.0_144-b01) (build 1.8.0_144-b01)
# Java VM: Java HotSpot(TM) Client VM (25.144-b01 mixed mode windows-x86 )
Heap:
 def new generation   total 157248K, used 157247K [0x06e00000, 0x118a0000, 0x118a0000)
  eden space 139776K, 100% used [0x06e00000, 0x0f680000, 0x0f680000)
  from space 17472K,  99% used [0x0f680000, 0x1078fff0, 0x10790000)
  to   space 17472K,   0% used [0x10790000, 0x10790000, 0x118a0000)
 tenured generation   total 349568K, used 349567K [0x118a0000, 0x26e00000, 0x26e00000)
   the space 349568K,  99% used [0x118a0000, 0x26dffff8, 0x26e00000, 0x26e00000)
 Metaspace       used 19195K, capacity 19635K, committed 19840K, reserved 19840K
GC Heap History (10 events):
Event: 1608.042 GC heap before
{Heap before GC invocations=74 (full 19):
 def new generation   total 157248K, used 157232K [0x06e00000, 0x118a0000, 0x118a0000)
  eden space 139776K,  99% used [0x06e00000, 0x0f67fff8, 0x0f680000)
  from space 17472K,  99% used [0x0f680000, 0x1078c0a0, 0x10790000)
  to   space 17472K,   0% used [0x10790000, 0x10790000, 0x118a0000)
 tenured generation   total 349568K, used 349568K [0x118a0000, 0x26e00000, 0x26e00000)
   the space 349568K, 100% used [0x118a0000, 0x26e00000, 0x26e00000, 0x26e00000)
 Metaspace       used 19195K, capacity 19635K, committed 19840K, reserved 19840K
Event: 1608.601 GC heap after
Heap after GC invocations=75 (full 20):
 def new generation   total 157248K, used 157203K [0x06e00000, 0x118a0000, 0x118a0000)
  eden space 139776K, 100% used [0x06e00000, 0x0f680000, 0x0f680000)
  from space 17472K,  99% used [0x0f680000, 0x10784ea8, 0x10790000)
  to   space 17472K,   0% used [0x10790000, 0x10790000, 0x118a0000)
 tenured generation   total 349568K, used 349567K [0x118a0000, 0x26e00000, 0x26e00000)
   the space 349568K,  99% used [0x118a0000, 0x26dfffc8, 0x26e00000, 0x26e00000)
 Metaspace       used 19195K, capacity 19635K, committed 19840K, reserved 19840K
}
Event: 1608.602 GC heap before
{Heap before GC invocations=75 (full 20):
 def new generation   total 157248K, used 157247K [0x06e00000, 0x118a0000, 0x118a0000)
  eden space 139776K, 100% used [0x06e00000, 0x0f680000, 0x0f680000)
  from space 17472K,  99% used [0x0f680000, 0x1078fff8, 0x10790000)
  to   space 17472K,   0% used [0x10790000, 0x10790000, 0x118a0000)
 tenured generation   total 349568K, used 349567K [0x118a0000, 0x26e00000, 0x26e00000)
   the space 349568K,  99% used [0x118a0000, 0x26dfffc8, 0x26e00000, 0x26e00000)
 Metaspace       used 19195K, capacity 19635K, committed 19840K, reserved 19840K
Event: 1609.013 GC heap after
Heap after GC invocations=76 (full 21):
 def new generation   total 157248K, used 157229K [0x06e00000, 0x118a0000, 0x118a0000)
  eden space 139776K, 100% used [0x06e00000, 0x0f680000, 0x0f680000)
  from space 17472K,  99% used [0x0f680000, 0x1078b508, 0x10790000)
  to   space 17472K,   0% used [0x10790000, 0x10790000, 0x118a0000)
 tenured generation   total 349568K, used 349567K [0x118a0000, 0x26e00000, 0x26e00000)
   the space 349568K,  99% used [0x118a0000, 0x26dfffc8, 0x26e00000, 0x26e00000)
 Metaspace       used 19195K, capacity 19635K, committed 19840K, reserved 19840K
}
Event: 1609.014 GC heap before
{Heap before GC invocations=76 (full 21):
 def new generation   total 157248K, used 157248K [0x06e00000, 0x118a0000, 0x118a0000)
  eden space 139776K, 100% used [0x06e00000, 0x0f680000, 0x0f680000)
  from space 17472K, 100% used [0x0f680000, 0x10790000, 0x10790000)
  to   space 17472K,   0% used [0x10790000, 0x10790000, 0x118a0000)
 tenured generation   total 349568K, used 349567K [0x118a0000, 0x26e00000, 0x26e00000)
   the space 349568K,  99% used [0x118a0000, 0x26dffff8, 0x26e00000, 0x26e00000)
 Metaspace       used 19195K, capacity 19635K, committed 19840K, reserved 19840K
Event: 1609.423 GC heap after
Heap after GC invocations=77 (full 22):
 def new generation   total 157248K, used 157231K [0x06e00000, 0x118a0000, 0x118a0000)
  eden space 139776K, 100% used [0x06e00000, 0x0f680000, 0x0f680000)
  from space 17472K,  99% used [0x0f680000, 0x1078bef8, 0x10790000)
  to   space 17472K,   0% used [0x10790000, 0x10790000, 0x118a0000)
 tenured generation   total 349568K, used 349567K [0x118a0000, 0x26e00000, 0x26e00000)
   the space 349568K,  99% used [0x118a0000, 0x26dffff8, 0x26e00000, 0x26e00000)
 Metaspace       used 19195K, capacity 19635K, committed 19840K, reserved 19840K
}
Event: 1609.423 GC heap before
{Heap before GC invocations=77 (full 22):
 def new generation   total 157248K, used 157247K [0x06e00000, 0x118a0000, 0x118a0000)
  eden space 139776K, 100% used [0x06e00000, 0x0f680000, 0x0f680000)
  from space 17472K,  99% used [0x0f680000, 0x1078ffe8, 0x10790000)
  to   space 17472K,   0% used [0x10790000, 0x10790000, 0x118a0000)
 tenured generation   total 349568K, used 349567K [0x118a0000, 0x26e00000, 0x26e00000)
   the space 349568K,  99% used [0x118a0000, 0x26dffff8, 0x26e00000, 0x26e00000)
 Metaspace       used 19195K, capacity 19635K, committed 19840K, reserved 19840K
Event: 1609.838 GC heap after
Heap after GC invocations=78 (full 23):
 def new generation   total 157248K, used 157218K [0x06e00000, 0x118a0000, 0x118a0000)
  eden space 139776K, 100% used [0x06e00000, 0x0f680000, 0x0f680000)
  from space 17472K,  99% used [0x0f680000, 0x10788b60, 0x10790000)
  to   space 17472K,   0% used [0x10790000, 0x10790000, 0x118a0000)
 tenured generation   total 349568K, used 349567K [0x118a0000, 0x26e00000, 0x26e00000)
   the space 349568K,  99% used [0x118a0000, 0x26dffff8, 0x26e00000, 0x26e00000)
 Metaspace       used 19195K, capacity 19635K, committed 19840K, reserved 19840K
}
Event: 1609.838 GC heap before
{Heap before GC invocations=78 (full 23):
 def new generation   total 157248K, used 157218K [0x06e00000, 0x118a0000, 0x118a0000)
  eden space 139776K, 100% used [0x06e00000, 0x0f680000, 0x0f680000)
  from space 17472K,  99% used [0x0f680000, 0x10788b60, 0x10790000)
  to   space 17472K,   0% used [0x10790000, 0x10790000, 0x118a0000)
 tenured generation   total 349568K, used 349567K [0x118a0000, 0x26e00000, 0x26e00000)
   the space 349568K,  99% used [0x118a0000, 0x26dffff8, 0x26e00000, 0x26e00000)
 Metaspace       used 19195K, capacity 19635K, committed 19840K, reserved 19840K
Event: 1610.250 GC heap after
Heap after GC invocations=79 (full 24):
 def new generation   total 157248K, used 157218K [0x06e00000, 0x118a0000, 0x118a0000)
  eden space 139776K, 100% used [0x06e00000, 0x0f680000, 0x0f680000)
  from space 17472K,  99% used [0x0f680000, 0x10788b60, 0x10790000)
  to   space 17472K,   0% used [0x10790000, 0x10790000, 0x118a0000)
 tenured generation   total 349568K, used 349567K [0x118a0000, 0x26e00000, 0x26e00000)
   the space 349568K,  99% used [0x118a0000, 0x26dffff8, 0x26e00000, 0x26e00000)
 Metaspace       used 19195K, capacity 19635K, committed 19840K, reserved 19840K
}

