# JRE version: Java(TM) SE Runtime Environment (8.0_144-b01) (build 1.8.0_144-b01)
# Java VM: Java HotSpot(TM) Client VM (25.144-b01 mixed mode windows-x86 )
Heap:
 def new generation   total 157248K, used 157248K [0x07200000, 0x11ca0000, 0x11ca0000)
  eden space 139776K, 100% used [0x07200000, 0x0fa80000, 0x0fa80000)
  from space 17472K, 100% used [0x0fa80000, 0x10b90000, 0x10b90000)
  to   space 17472K,   0% used [0x10b90000, 0x10b90000, 0x11ca0000)
 tenured generation   total 349568K, used 349568K [0x11ca0000, 0x27200000, 0x27200000)
   the space 349568K, 100% used [0x11ca0000, 0x27200000, 0x27200000, 0x27200000)
 Metaspace       used 18836K, capacity 19281K, committed 19456K, reserved 19840K
GC Heap History (10 events):
Event: 11248.211 GC heap before
{Heap before GC invocations=275 (full 72):
 def new generation   total 157248K, used 157247K [0x07200000, 0x11ca0000, 0x11ca0000)
  eden space 139776K, 100% used [0x07200000, 0x0fa80000, 0x0fa80000)
  from space 17472K,  99% used [0x0fa80000, 0x10b8fff0, 0x10b90000)
  to   space 17472K,   0% used [0x10b90000, 0x10b90000, 0x11ca0000)
 tenured generation   total 349568K, used 349567K [0x11ca0000, 0x27200000, 0x27200000)
   the space 349568K,  99% used [0x11ca0000, 0x271fff60, 0x27200000, 0x27200000)
 Metaspace       used 18836K, capacity 19281K, committed 19456K, reserved 19840K
Event: 11248.608 GC heap after
Heap after GC invocations=276 (full 73):
 def new generation   total 157248K, used 157217K [0x07200000, 0x11ca0000, 0x11ca0000)
  eden space 139776K,  99% used [0x07200000, 0x0fa7fe88, 0x0fa80000)
  from space 17472K,  99% used [0x0fa80000, 0x10b888d0, 0x10b90000)
  to   space 17472K,   0% used [0x10b90000, 0x10b90000, 0x11ca0000)
 tenured generation   total 349568K, used 349567K [0x11ca0000, 0x27200000, 0x27200000)
   the space 349568K,  99% used [0x11ca0000, 0x271fff60, 0x27200000, 0x27200000)
 Metaspace       used 18836K, capacity 19281K, committed 19456K, reserved 19840K
}
Event: 11248.608 GC heap before
{Heap before GC invocations=276 (full 73):
 def new generation   total 157248K, used 157247K [0x07200000, 0x11ca0000, 0x11ca0000)
  eden space 139776K, 100% used [0x07200000, 0x0fa80000, 0x0fa80000)
  from space 17472K,  99% used [0x0fa80000, 0x10b8ffa8, 0x10b90000)
  to   space 17472K,   0% used [0x10b90000, 0x10b90000, 0x11ca0000)
 tenured generation   total 349568K, used 349567K [0x11ca0000, 0x27200000, 0x27200000)
   the space 349568K,  99% used [0x11ca0000, 0x271fff60, 0x27200000, 0x27200000)
 Metaspace       used 18836K, capacity 19281K, committed 19456K, reserved 19840K
Event: 11249.044 GC heap after
Heap after GC invocations=277 (full 74):
 def new generation   total 157248K, used 157217K [0x07200000, 0x11ca0000, 0x11ca0000)
  eden space 139776K,  99% used [0x07200000, 0x0fa7fe88, 0x0fa80000)
  from space 17472K,  99% used [0x0fa80000, 0x10b88908, 0x10b90000)
  to   space 17472K,   0% used [0x10b90000, 0x10b90000, 0x11ca0000)
 tenured generation   total 349568K, used 349567K [0x11ca0000, 0x27200000, 0x27200000)
   the space 349568K,  99% used [0x11ca0000, 0x271fff60, 0x27200000, 0x27200000)
 Metaspace       used 18836K, capacity 19281K, committed 19456K, reserved 19840K
}
Event: 11249.044 GC heap before
{Heap before GC invocations=277 (full 74):
 def new generation   total 157248K, used 157247K [0x07200000, 0x11ca0000, 0x11ca0000)
  eden space 139776K, 100% used [0x07200000, 0x0fa80000, 0x0fa80000)
  from space 17472K,  99% used [0x0fa80000, 0x10b8ff50, 0x10b90000)
  to   space 17472K,   0% used [0x10b90000, 0x10b90000, 0x11ca0000)
 tenured generation   total 349568K, used 349567K [0x11ca0000, 0x27200000, 0x27200000)
   the space 349568K,  99% used [0x11ca0000, 0x271fff60, 0x27200000, 0x27200000)
 Metaspace       used 18836K, capacity 19281K, committed 19456K, reserved 19840K
Event: 11249.446 GC heap after
Heap after GC invocations=278 (full 75):
 def new generation   total 157248K, used 157218K [0x07200000, 0x11ca0000, 0x11ca0000)
  eden space 139776K,  99% used [0x07200000, 0x0fa7fee0, 0x0fa80000)
  from space 17472K,  99% used [0x0fa80000, 0x10b88aa0, 0x10b90000)
  to   space 17472K,   0% used [0x10b90000, 0x10b90000, 0x11ca0000)
 tenured generation   total 349568K, used 349567K [0x11ca0000, 0x27200000, 0x27200000)
   the space 349568K,  99% used [0x11ca0000, 0x271fff60, 0x27200000, 0x27200000)
 Metaspace       used 18836K, capacity 19281K, committed 19456K, reserved 19840K
}
Event: 11249.446 GC heap before
{Heap before GC invocations=278 (full 75):
 def new generation   total 157248K, used 157235K [0x07200000, 0x11ca0000, 0x11ca0000)
  eden space 139776K, 100% used [0x07200000, 0x0fa80000, 0x0fa80000)
  from space 17472K,  99% used [0x0fa80000, 0x10b8cc70, 0x10b90000)
  to   space 17472K,   0% used [0x10b90000, 0x10b90000, 0x11ca0000)
 tenured generation   total 349568K, used 349567K [0x11ca0000, 0x27200000, 0x27200000)
   the space 349568K,  99% used [0x11ca0000, 0x271fff60, 0x27200000, 0x27200000)
 Metaspace       used 18836K, capacity 19281K, committed 19456K, reserved 19840K
Event: 11249.853 GC heap after
Heap after GC invocations=279 (full 76):
 def new generation   total 157248K, used 157141K [0x07200000, 0x11ca0000, 0x11ca0000)
  eden space 139776K,  99% used [0x07200000, 0x0fa7fca0, 0x0fa80000)
  from space 17472K,  99% used [0x0fa80000, 0x10b75a40, 0x10b90000)
  to   space 17472K,   0% used [0x10b90000, 0x10b90000, 0x11ca0000)
 tenured generation   total 349568K, used 349567K [0x11ca0000, 0x27200000, 0x27200000)
   the space 349568K,  99% used [0x11ca0000, 0x271fff40, 0x27200000, 0x27200000)
 Metaspace       used 18836K, capacity 19281K, committed 19456K, reserved 19840K
}
Event: 11249.853 GC heap before
{Heap before GC invocations=279 (full 76):
 def new generation   total 157248K, used 157141K [0x07200000, 0x11ca0000, 0x11ca0000)
  eden space 139776K,  99% used [0x07200000, 0x0fa7fca0, 0x0fa80000)
  from space 17472K,  99% used [0x0fa80000, 0x10b75a40, 0x10b90000)
  to   space 17472K,   0% used [0x10b90000, 0x10b90000, 0x11ca0000)
 tenured generation   total 349568K, used 349567K [0x11ca0000, 0x27200000, 0x27200000)
   the space 349568K,  99% used [0x11ca0000, 0x271fff40, 0x27200000, 0x27200000)
 Metaspace       used 18836K, capacity 19281K, committed 19456K, reserved 19840K
Event: 11250.238 GC heap after
Heap after GC invocations=280 (full 77):
 def new generation   total 157248K, used 157141K [0x07200000, 0x11ca0000, 0x11ca0000)
  eden space 139776K,  99% used [0x07200000, 0x0fa7fca0, 0x0fa80000)
  from space 17472K,  99% used [0x0fa80000, 0x10b75a40, 0x10b90000)
  to   space 17472K,   0% used [0x10b90000, 0x10b90000, 0x11ca0000)
 tenured generation   total 349568K, used 349567K [0x11ca0000, 0x27200000, 0x27200000)
   the space 349568K,  99% used [0x11ca0000, 0x271fff40, 0x27200000, 0x27200000)
 Metaspace       used 18836K, capacity 19281K, committed 19456K, reserved 19840K
}

